07/04/2024 10:43:06 AM: INFO: **************************Testing homepage title**********************
07/04/2024 10:43:11 AM: INFO: **********************************Testing test_login Page***********************************
07/04/2024 12:18:21 PM: INFO: **************************Testing homepage title**********************
07/04/2024 12:18:25 PM: INFO: **********************************Testing test_login Page***********************************
07/04/2024 12:20:03 PM: WARNING: The version of firefox cannot be detected. Trying with latest driver version
07/04/2024 12:20:04 PM: WARNING: The version of firefox cannot be detected. Trying with latest driver version
07/04/2024 12:39:59 PM: INFO: **************************Testing homepage title**********************
07/04/2024 12:40:04 PM: INFO: **********************************Testing test_login Page***********************************
07/09/2024 01:40:27 PM: INFO: **************************Testing homepage title**********************
07/09/2024 01:40:27 PM: INFO: **********************************Testing test_login Page***********************************
07/09/2024 01:42:26 PM: INFO: **************************Testing homepage title**********************
07/09/2024 01:42:28 PM: INFO: **********************************Testing test_login Page***********************************
07/09/2024 01:45:07 PM: INFO: **************************Testing homepage title**********************
07/09/2024 01:45:09 PM: INFO: **********************************Testing test_login Page***********************************
07/09/2024 01:50:52 PM: INFO: **************************Testing homepage title**********************
07/09/2024 01:50:54 PM: INFO: **********************************Testing test_login Page***********************************
07/09/2024 01:54:50 PM: INFO: **************************Testing homepage title**********************
07/09/2024 01:54:56 PM: INFO: **********************************Testing test_login Page***********************************
07/09/2024 02:06:39 PM: INFO: **************************Testing homepage title**********************
07/09/2024 02:06:43 PM: INFO: **********************************Testing test_login Page***********************************
07/09/2024 02:13:11 PM: INFO: **********************************Testing test_login Page***********************************
07/09/2024 02:13:11 PM: INFO: **************************Testing homepage title**********************
07/09/2024 02:15:34 PM: INFO: **************************Testing homepage title**********************
07/09/2024 02:15:38 PM: INFO: **********************************Testing test_login Page***********************************
07/09/2024 03:09:08 PM: INFO: **************************Test_002_login_ddt test**********************
07/09/2024 03:12:01 PM: INFO: **************************Test_002_login_ddt test**********************
07/09/2024 03:12:14 PM: INFO: ***test pass***
07/09/2024 03:12:26 PM: INFO: ***passed***
07/09/2024 03:12:36 PM: INFO: ***passed***
07/09/2024 03:12:47 PM: INFO: ***passed***
07/09/2024 03:12:47 PM: INFO: ********Login ddt test passed*********
07/09/2024 03:12:47 PM: INFO: ******* End of Login DDT Test **********
07/09/2024 03:12:47 PM: INFO: **************** Completed  TC_LoginDDT_002 ************* 
07/09/2024 03:24:59 PM: INFO: **************************Test_002_login_ddt test**********************
07/09/2024 03:25:07 PM: INFO: ***test pass***
07/09/2024 03:25:14 PM: INFO: ***passed***
07/09/2024 03:25:19 PM: INFO: ***passed***
07/09/2024 03:25:25 PM: INFO: ***passed***
07/09/2024 03:25:25 PM: INFO: ********Login ddt test passed*********
07/09/2024 03:25:25 PM: INFO: ******* End of Login DDT Test **********
07/09/2024 03:25:25 PM: INFO: **************** Completed  TC_LoginDDT_002 ************* 
07/09/2024 03:27:18 PM: INFO: **************************Test_002_login_ddt test**********************
07/09/2024 03:27:26 PM: INFO: ***test pass***
07/09/2024 03:27:33 PM: INFO: ***passed***
07/09/2024 03:27:38 PM: INFO: ***passed***
07/09/2024 03:27:44 PM: INFO: ***passed***
07/09/2024 03:27:44 PM: INFO: ********Login ddt test passed*********
07/09/2024 03:27:44 PM: INFO: ******* End of Login DDT Test **********
07/09/2024 03:27:44 PM: INFO: **************** Completed  TC_LoginDDT_002 ************* 
07/09/2024 03:35:33 PM: INFO: **************************Test_002_login_ddt test**********************
07/09/2024 03:35:41 PM: INFO: ***test pass***
07/09/2024 03:35:47 PM: INFO: ***passed***
07/09/2024 03:35:53 PM: INFO: ***passed***
07/09/2024 03:35:58 PM: INFO: ***passed***
07/09/2024 03:35:58 PM: INFO: ********Login ddt test passed*********
07/09/2024 03:35:58 PM: INFO: ******* End of Login DDT Test **********
07/09/2024 03:35:58 PM: INFO: **************** Completed  TC_LoginDDT_002 ************* 
07/09/2024 03:49:36 PM: INFO: **************************Test_002_login_ddt test**********************
07/09/2024 03:49:43 PM: INFO: ***test pass***
07/09/2024 03:49:50 PM: INFO: ***passed***
07/09/2024 03:49:55 PM: INFO: ***passed***
07/09/2024 03:50:01 PM: INFO: ***passed***
07/09/2024 03:50:01 PM: INFO: ********Login ddt test passed*********
07/09/2024 03:50:01 PM: INFO: ******* End of Login DDT Test **********
07/09/2024 03:50:01 PM: INFO: **************** Completed  TC_LoginDDT_002 ************* 
07/09/2024 03:50:39 PM: INFO: **************************Test_002_login_ddt test**********************
07/09/2024 03:50:46 PM: INFO: ***test pass***
07/09/2024 03:50:53 PM: INFO: ***passed***
07/09/2024 03:50:58 PM: INFO: ***passed***
07/09/2024 03:51:04 PM: INFO: ***passed***
07/09/2024 03:51:04 PM: INFO: ********Login ddt test passed*********
07/09/2024 03:51:04 PM: INFO: ******* End of Login DDT Test **********
07/09/2024 03:51:04 PM: INFO: **************** Completed  TC_LoginDDT_002 ************* 
07/09/2024 04:04:49 PM: INFO: **************************Test_002_login_ddt test**********************
07/09/2024 04:04:57 PM: INFO: ***test pass***
07/09/2024 04:05:03 PM: INFO: ***passed***
07/09/2024 04:05:09 PM: INFO: ***passed***
07/09/2024 04:05:15 PM: INFO: ***passed***
07/09/2024 04:05:15 PM: INFO: ********Login ddt test passed*********
07/09/2024 04:05:15 PM: INFO: ******* End of Login DDT Test **********
07/09/2024 04:05:15 PM: INFO: **************** Completed  TC_LoginDDT_002 ************* 
07/09/2024 04:14:30 PM: INFO: **************************Test_002_login_ddt test**********************
07/09/2024 04:14:39 PM: INFO: ***test pass***
07/09/2024 04:14:45 PM: INFO: ***passed***
07/09/2024 04:14:51 PM: INFO: ***passed***
07/09/2024 04:14:56 PM: INFO: ***passed***
07/09/2024 04:14:56 PM: INFO: ********Login ddt test passed*********
07/09/2024 04:14:56 PM: INFO: ******* End of Login DDT Test **********
07/09/2024 04:14:56 PM: INFO: **************** Completed  TC_LoginDDT_002 ************* 
07/10/2024 12:02:45 PM: INFO: **************************Test_002_login_ddt test**********************
07/10/2024 12:02:53 PM: INFO: ***test pass***
07/10/2024 12:03:00 PM: INFO: ***passed***
07/10/2024 12:03:05 PM: INFO: ***passed***
07/10/2024 12:03:11 PM: INFO: ***passed***
07/10/2024 12:03:11 PM: INFO: ********Login ddt test passed*********
07/10/2024 12:03:11 PM: INFO: ******* End of Login DDT Test **********
07/10/2024 12:03:11 PM: INFO: **************** Completed  TC_LoginDDT_002 ************* 
07/10/2024 12:20:04 PM: INFO: **************************Testing homepage title**********************
07/10/2024 12:20:38 PM: INFO: **********************************Testing test_login Page***********************************
07/10/2024 01:38:27 PM: INFO: **************************Testing homepage title**********************
07/10/2024 01:38:31 PM: INFO: **********************************Testing test_login Page***********************************
07/10/2024 01:38:59 PM: INFO: **************************Testing homepage title**********************
07/10/2024 01:39:05 PM: INFO: **********************************Testing test_login Page***********************************
